<?xml version="1.0" encoding="UTF-8"?>
<!-- Generated by org.testng.reporters.JUnitXMLReporter -->
<testsuite ignored="6" hostname="LTIN313065" failures="0" tests="5" name="ChromeTest" time="52.186" errors="0" timestamp="2024-03-28T16:40:05 IST">
  <testcase classname="TestCase.TC_001_UpcomingBikeDetails" name="clickNewBikes" time="5.402"/>
  <testcase classname="TestCase.TC_001_UpcomingBikeDetails" name="clickUpcomingBikes" time="12.432"/>
  <testcase classname="TestCase.TC_002_UsedCarsDetails" name="UsedCarDetails" time="14.561"/>
  <testcase classname="TestCase.TC_003_GoogleLogin" name="verifyLoginPage" time="2.76"/>
  <testcase classname="TestCase.TC_004_GoogleSignup" name="verifyLoginPage" time="6.873"/>
  <testcase classname="TestBase.BaseClass" name="@BeforeTest invokeBrowser" time="0.0">
    <ignored/>
  </testcase> <!-- @BeforeTest invokeBrowser -->
  <testcase classname="TestBase.BaseClass" name="@BeforeTest invokeBrowser" time="0.0">
    <ignored/>
  </testcase> <!-- @BeforeTest invokeBrowser -->
  <testcase classname="TestBase.BaseClass" name="@BeforeTest invokeBrowser" time="0.0">
    <ignored/>
  </testcase> <!-- @BeforeTest invokeBrowser -->
  <testcase classname="TestBase.BaseClass" name="@AfterTest tearDown" time="0.0">
    <ignored/>
  </testcase> <!-- @AfterTest tearDown -->
  <testcase classname="TestBase.BaseClass" name="@AfterTest tearDown" time="0.0">
    <ignored/>
  </testcase> <!-- @AfterTest tearDown -->
  <testcase classname="TestBase.BaseClass" name="@AfterTest tearDown" time="0.0">
    <ignored/>
  </testcase> <!-- @AfterTest tearDown -->
</testsuite> <!-- ChromeTest -->
