<?xml version="1.0" encoding="UTF-8"?>
<!-- Generated by org.testng.reporters.JUnitXMLReporter -->
<testsuite ignored="6" hostname="LTIN313065" failures="0" tests="5" name="ChromeTest" time="66.721" errors="0" timestamp="2024-04-01T16:28:34 IST">
  <testcase classname="TestCase.TC_001_UpcomingBikeDetails" name="clickNewBikes" time="5.478"/>
  <testcase classname="TestCase.TC_001_UpcomingBikeDetails" name="clickUpcomingBikes" time="14.775"/>
  <testcase classname="TestCase.TC_002_UsedCarsDetails" name="UsedCarDetails" time="16.048"/>
  <testcase classname="TestCase.TC_003_GoogleLogin" name="verifyLoginPage" time="3.282"/>
  <testcase classname="TestCase.TC_004_GoogleSignup" name="verifyLoginPage" time="7.183"/>
  <testcase classname="TestBase.BaseClass" name="@BeforeTest invokeBrowser" time="0.0">
    <ignored/>
  </testcase> <!-- @BeforeTest invokeBrowser -->
  <testcase classname="TestBase.BaseClass" name="@AfterTest tearDown" time="0.0">
    <ignored/>
  </testcase> <!-- @AfterTest tearDown -->
  <testcase classname="TestBase.BaseClass" name="@BeforeTest invokeBrowser" time="0.0">
    <ignored/>
  </testcase> <!-- @BeforeTest invokeBrowser -->
  <testcase classname="TestBase.BaseClass" name="@BeforeTest invokeBrowser" time="0.0">
    <ignored/>
  </testcase> <!-- @BeforeTest invokeBrowser -->
  <testcase classname="TestBase.BaseClass" name="@AfterTest tearDown" time="0.0">
    <ignored/>
  </testcase> <!-- @AfterTest tearDown -->
  <testcase classname="TestBase.BaseClass" name="@AfterTest tearDown" time="0.0">
    <ignored/>
  </testcase> <!-- @AfterTest tearDown -->
</testsuite> <!-- ChromeTest -->
